Z:\LAIDININKAI\KONTROLINIS7\DEBUG\SOURCE.OBJ
Z:\LAIDININKAI\KONTROLINIS7\DEBUG\VC110.PDB
Z:\LAIDININKAI\DEBUG\KONTROLINIS7.ILK
Z:\LAIDININKAI\DEBUG\KONTROLINIS7.EXE
Z:\LAIDININKAI\DEBUG\KONTROLINIS7.PDB
Z:\Laidininkai\Kontrolinis7\Debug\cl.command.1.tlog
Z:\Laidininkai\Kontrolinis7\Debug\CL.read.1.tlog
Z:\Laidininkai\Kontrolinis7\Debug\CL.write.1.tlog
Z:\Laidininkai\Kontrolinis7\Debug\link-cvtres.read.1.tlog
Z:\Laidininkai\Kontrolinis7\Debug\link-cvtres.write.1.tlog
Z:\Laidininkai\Kontrolinis7\Debug\link-rc.read.1.tlog
Z:\Laidininkai\Kontrolinis7\Debug\link-rc.write.1.tlog
Z:\Laidininkai\Kontrolinis7\Debug\link.3044-cvtres.read.1.tlog
Z:\Laidininkai\Kontrolinis7\Debug\link.3044-cvtres.write.1.tlog
Z:\Laidininkai\Kontrolinis7\Debug\link.3044-rc.read.1.tlog
Z:\Laidininkai\Kontrolinis7\Debug\link.3044-rc.write.1.tlog
Z:\Laidininkai\Kontrolinis7\Debug\link.3044.read.1.tlog
Z:\Laidininkai\Kontrolinis7\Debug\link.3044.write.1.tlog
Z:\Laidininkai\Kontrolinis7\Debug\link.5076-cvtres.read.1.tlog
Z:\Laidininkai\Kontrolinis7\Debug\link.5076-cvtres.write.1.tlog
Z:\Laidininkai\Kontrolinis7\Debug\link.5076-rc.read.1.tlog
Z:\Laidininkai\Kontrolinis7\Debug\link.5076-rc.write.1.tlog
Z:\Laidininkai\Kontrolinis7\Debug\link.5076.read.1.tlog
Z:\Laidininkai\Kontrolinis7\Debug\link.5076.write.1.tlog
Z:\Laidininkai\Kontrolinis7\Debug\link.9780-cvtres.read.1.tlog
Z:\Laidininkai\Kontrolinis7\Debug\link.9780-cvtres.write.1.tlog
Z:\Laidininkai\Kontrolinis7\Debug\link.9780-rc.read.1.tlog
Z:\Laidininkai\Kontrolinis7\Debug\link.9780-rc.write.1.tlog
Z:\Laidininkai\Kontrolinis7\Debug\link.9780.read.1.tlog
Z:\Laidininkai\Kontrolinis7\Debug\link.9780.write.1.tlog
Z:\Laidininkai\Kontrolinis7\Debug\link.command.1.tlog
Z:\Laidininkai\Kontrolinis7\Debug\link.read.1.tlog
Z:\Laidininkai\Kontrolinis7\Debug\link.write.1.tlog
Z:\Laidininkai\Kontrolinis7\Debug\vc110.idb
Z:\Laidininkai\Kontrolinis7\Debug\vc110.pdb
Z:\Laidininkai\Debug\Kontrolinis7.pdb
Z:\Laidininkai\Debug\Kontrolinis7.exe
Z:\Laidininkai\Debug\Kontrolinis7.ilk
